[2026-02-06T08:44:20.309+0000] {manager.py:469} INFO - Processing files using up to 1 processes at a time 
[2026-02-06T08:44:20.309+0000] {manager.py:470} INFO - Process each file at most once every 30 seconds
[2026-02-06T08:44:20.309+0000] {manager.py:471} INFO - Checking for new files in /opt/airflow/dags every 300 seconds
[2026-02-06T08:44:20.309+0000] {manager.py:738} INFO - Searching for files in /opt/airflow/dags
[2026-02-06T08:44:20.310+0000] {manager.py:741} INFO - There are 0 files in /opt/airflow/dags
[2026-02-06T08:49:20.320+0000] {manager.py:738} INFO - Searching for files in /opt/airflow/dags
[2026-02-06T08:49:20.328+0000] {manager.py:741} INFO - There are 0 files in /opt/airflow/dags
[2026-02-06T08:54:20.377+0000] {manager.py:738} INFO - Searching for files in /opt/airflow/dags
[2026-02-06T08:54:20.397+0000] {manager.py:741} INFO - There are 0 files in /opt/airflow/dags
[2026-02-06T08:56:54.660+0000] {manager.py:469} INFO - Processing files using up to 1 processes at a time 
[2026-02-06T08:56:54.661+0000] {manager.py:470} INFO - Process each file at most once every 30 seconds
[2026-02-06T08:56:54.661+0000] {manager.py:471} INFO - Checking for new files in /opt/airflow/dags every 300 seconds
[2026-02-06T08:56:54.662+0000] {manager.py:738} INFO - Searching for files in /opt/airflow/dags
[2026-02-06T08:56:54.662+0000] {manager.py:741} INFO - There are 0 files in /opt/airflow/dags
[2026-02-06T09:01:54.786+0000] {manager.py:738} INFO - Searching for files in /opt/airflow/dags
[2026-02-06T09:01:54.792+0000] {manager.py:741} INFO - There are 0 files in /opt/airflow/dags
[2026-02-06T09:03:45.751+0000] {manager.py:469} INFO - Processing files using up to 1 processes at a time 
[2026-02-06T09:03:45.752+0000] {manager.py:470} INFO - Process each file at most once every 30 seconds
[2026-02-06T09:03:45.753+0000] {manager.py:471} INFO - Checking for new files in /opt/airflow/dags every 300 seconds
[2026-02-06T09:03:45.753+0000] {manager.py:738} INFO - Searching for files in /opt/airflow/dags
[2026-02-06T09:03:45.756+0000] {manager.py:741} INFO - There are 0 files in /opt/airflow/dags
[2026-02-06T09:08:45.764+0000] {manager.py:738} INFO - Searching for files in /opt/airflow/dags
[2026-02-06T09:08:45.768+0000] {manager.py:741} INFO - There are 0 files in /opt/airflow/dags
[2026-02-06T09:13:45.828+0000] {manager.py:738} INFO - Searching for files in /opt/airflow/dags
[2026-02-06T09:13:45.831+0000] {manager.py:741} INFO - There are 0 files in /opt/airflow/dags
[2026-02-06T13:09:07.435+0000] {manager.py:469} INFO - Processing files using up to 1 processes at a time 
[2026-02-06T13:09:07.436+0000] {manager.py:470} INFO - Process each file at most once every 30 seconds
[2026-02-06T13:09:07.437+0000] {manager.py:471} INFO - Checking for new files in /opt/airflow/dags every 300 seconds
[2026-02-06T13:09:07.437+0000] {manager.py:738} INFO - Searching for files in /opt/airflow/dags
[2026-02-06T13:09:07.440+0000] {manager.py:741} INFO - There are 1 files in /opt/airflow/dags
[2026-02-06T13:09:10.306+0000] {manager.py:879} INFO - 
================================================================================
DAG File Processing Stats

File Path                          PID    Runtime      # DAGs    # Errors  Last Runtime    Last Run
---------------------------------  -----  ---------  --------  ----------  --------------  -------------------
/opt/airflow/dags/architecture.py                           1           0  2.80s           2026-02-06T13:09:10
================================================================================
[2026-02-06T13:09:41.400+0000] {manager.py:879} INFO - 
================================================================================
DAG File Processing Stats

File Path                          PID    Runtime      # DAGs    # Errors  Last Runtime    Last Run
---------------------------------  -----  ---------  --------  ----------  --------------  -------------------
/opt/airflow/dags/architecture.py                           1           0  0.72s           2026-02-06T13:09:41
================================================================================
[2026-02-06T13:10:12.651+0000] {manager.py:879} INFO - 
================================================================================
DAG File Processing Stats

File Path                          PID    Runtime      # DAGs    # Errors  Last Runtime    Last Run
---------------------------------  -----  ---------  --------  ----------  --------------  -------------------
/opt/airflow/dags/architecture.py                           1           0  0.72s           2026-02-06T13:10:12
================================================================================
[2026-02-06T13:10:43.700+0000] {manager.py:879} INFO - 
================================================================================
DAG File Processing Stats

File Path                          PID    Runtime      # DAGs    # Errors  Last Runtime    Last Run
---------------------------------  -----  ---------  --------  ----------  --------------  -------------------
/opt/airflow/dags/architecture.py                           1           0  0.61s           2026-02-06T13:10:43
================================================================================
[2026-02-06T13:11:14.530+0000] {manager.py:879} INFO - 
================================================================================
DAG File Processing Stats

File Path                          PID    Runtime      # DAGs    # Errors  Last Runtime    Last Run
---------------------------------  -----  ---------  --------  ----------  --------------  -------------------
/opt/airflow/dags/architecture.py                           1           0  0.61s           2026-02-06T13:11:14
================================================================================
[2026-02-06T13:11:45.422+0000] {manager.py:879} INFO - 
================================================================================
DAG File Processing Stats

File Path                          PID    Runtime      # DAGs    # Errors  Last Runtime    Last Run
---------------------------------  -----  ---------  --------  ----------  --------------  -------------------
/opt/airflow/dags/architecture.py                           1           0  0.62s           2026-02-06T13:11:45
================================================================================
[2026-02-06T13:12:16.479+0000] {manager.py:879} INFO - 
================================================================================
DAG File Processing Stats

File Path                          PID    Runtime      # DAGs    # Errors  Last Runtime    Last Run
---------------------------------  -----  ---------  --------  ----------  --------------  -------------------
/opt/airflow/dags/architecture.py                           1           0  0.82s           2026-02-06T13:12:16
================================================================================
[2026-02-06T13:12:47.258+0000] {manager.py:879} INFO - 
================================================================================
DAG File Processing Stats

File Path                          PID    Runtime      # DAGs    # Errors  Last Runtime    Last Run
---------------------------------  -----  ---------  --------  ----------  --------------  -------------------
/opt/airflow/dags/architecture.py                           1           0  0.51s           2026-02-06T13:12:47
================================================================================
[2026-02-06T13:13:18.156+0000] {manager.py:879} INFO - 
================================================================================
DAG File Processing Stats

File Path                          PID    Runtime      # DAGs    # Errors  Last Runtime    Last Run
---------------------------------  -----  ---------  --------  ----------  --------------  -------------------
/opt/airflow/dags/architecture.py                           1           0  0.63s           2026-02-06T13:13:18
================================================================================
[2026-02-06T13:13:48.967+0000] {manager.py:879} INFO - 
================================================================================
DAG File Processing Stats

File Path                          PID    Runtime      # DAGs    # Errors  Last Runtime    Last Run
---------------------------------  -----  ---------  --------  ----------  --------------  -------------------
/opt/airflow/dags/architecture.py                           1           0  0.53s           2026-02-06T13:13:48
================================================================================
[2026-02-06T13:14:07.463+0000] {manager.py:738} INFO - Searching for files in /opt/airflow/dags
[2026-02-06T13:14:07.474+0000] {manager.py:741} INFO - There are 1 files in /opt/airflow/dags
[2026-02-06T13:14:19.697+0000] {manager.py:879} INFO - 
================================================================================
DAG File Processing Stats

File Path                          PID    Runtime      # DAGs    # Errors  Last Runtime    Last Run
---------------------------------  -----  ---------  --------  ----------  --------------  -------------------
/opt/airflow/dags/architecture.py                           1           0  0.62s           2026-02-06T13:14:19
================================================================================
[2026-02-06T13:14:50.457+0000] {manager.py:879} INFO - 
================================================================================
DAG File Processing Stats

File Path                          PID    Runtime      # DAGs    # Errors  Last Runtime    Last Run
---------------------------------  -----  ---------  --------  ----------  --------------  -------------------
/opt/airflow/dags/architecture.py                           1           0  0.62s           2026-02-06T13:14:50
================================================================================
[2026-02-06T13:19:29.396+0000] {manager.py:451} INFO - Exiting gracefully upon receiving signal 15
[2026-02-06T13:19:29.650+0000] {manager.py:469} INFO - Processing files using up to 1 processes at a time 
[2026-02-06T13:19:29.651+0000] {manager.py:470} INFO - Process each file at most once every 30 seconds
[2026-02-06T13:19:29.651+0000] {manager.py:471} INFO - Checking for new files in /opt/airflow/dags every 300 seconds
[2026-02-06T13:19:29.651+0000] {manager.py:738} INFO - Searching for files in /opt/airflow/dags
[2026-02-06T13:19:29.653+0000] {manager.py:741} INFO - There are 1 files in /opt/airflow/dags
[2026-02-06T13:19:30.294+0000] {manager.py:879} INFO - 
================================================================================
DAG File Processing Stats

File Path                          PID    Runtime      # DAGs    # Errors  Last Runtime    Last Run
---------------------------------  -----  ---------  --------  ----------  --------------  -------------------
/opt/airflow/dags/architecture.py                           1           0  0.61s           2026-02-06T13:19:30
================================================================================
[2026-02-06T13:20:01.505+0000] {manager.py:879} INFO - 
================================================================================
DAG File Processing Stats

File Path                          PID    Runtime      # DAGs    # Errors  Last Runtime    Last Run
---------------------------------  -----  ---------  --------  ----------  --------------  -------------------
/opt/airflow/dags/architecture.py                           1           0  0.62s           2026-02-06T13:20:01
================================================================================
[2026-02-06T13:20:32.905+0000] {manager.py:879} INFO - 
================================================================================
DAG File Processing Stats

File Path                          PID    Runtime      # DAGs    # Errors  Last Runtime    Last Run
---------------------------------  -----  ---------  --------  ----------  --------------  -------------------
/opt/airflow/dags/architecture.py                           1           0  0.72s           2026-02-06T13:20:32
================================================================================
[2026-02-06T13:21:04.248+0000] {manager.py:879} INFO - 
================================================================================
DAG File Processing Stats

File Path                          PID    Runtime      # DAGs    # Errors  Last Runtime    Last Run
---------------------------------  -----  ---------  --------  ----------  --------------  -------------------
/opt/airflow/dags/architecture.py                           1           0  0.73s           2026-02-06T13:21:04
================================================================================
[2026-02-06T13:21:35.555+0000] {manager.py:879} INFO - 
================================================================================
DAG File Processing Stats

File Path                          PID    Runtime      # DAGs    # Errors  Last Runtime    Last Run
---------------------------------  -----  ---------  --------  ----------  --------------  -------------------
/opt/airflow/dags/architecture.py                           1           0  0.73s           2026-02-06T13:21:35
================================================================================
[2026-02-06T13:22:06.575+0000] {manager.py:879} INFO - 
================================================================================
DAG File Processing Stats

File Path                          PID    Runtime      # DAGs    # Errors  Last Runtime    Last Run
---------------------------------  -----  ---------  --------  ----------  --------------  -------------------
/opt/airflow/dags/architecture.py                           1           0  0.62s           2026-02-06T13:22:06
================================================================================
[2026-02-06T13:22:37.576+0000] {manager.py:879} INFO - 
================================================================================
DAG File Processing Stats

File Path                          PID    Runtime      # DAGs    # Errors  Last Runtime    Last Run
---------------------------------  -----  ---------  --------  ----------  --------------  -------------------
/opt/airflow/dags/architecture.py                           1           0  0.72s           2026-02-06T13:22:37
================================================================================
[2026-02-06T13:23:08.452+0000] {manager.py:879} INFO - 
================================================================================
DAG File Processing Stats

File Path                          PID    Runtime      # DAGs    # Errors  Last Runtime    Last Run
---------------------------------  -----  ---------  --------  ----------  --------------  -------------------
/opt/airflow/dags/architecture.py                           1           0  0.61s           2026-02-06T13:23:08
================================================================================
[2026-02-06T13:23:39.360+0000] {manager.py:879} INFO - 
================================================================================
DAG File Processing Stats

File Path                          PID    Runtime      # DAGs    # Errors  Last Runtime    Last Run
---------------------------------  -----  ---------  --------  ----------  --------------  -------------------
/opt/airflow/dags/architecture.py                           1           0  0.62s           2026-02-06T13:23:39
================================================================================
[2026-02-06T13:24:10.341+0000] {manager.py:879} INFO - 
================================================================================
DAG File Processing Stats

File Path                          PID    Runtime      # DAGs    # Errors  Last Runtime    Last Run
---------------------------------  -----  ---------  --------  ----------  --------------  -------------------
/opt/airflow/dags/architecture.py                           1           0  0.72s           2026-02-06T13:24:10
================================================================================
[2026-02-06T13:24:29.738+0000] {manager.py:738} INFO - Searching for files in /opt/airflow/dags
[2026-02-06T13:24:29.747+0000] {manager.py:741} INFO - There are 1 files in /opt/airflow/dags
[2026-02-06T13:24:41.535+0000] {manager.py:879} INFO - 
================================================================================
DAG File Processing Stats

File Path                          PID    Runtime      # DAGs    # Errors  Last Runtime    Last Run
---------------------------------  -----  ---------  --------  ----------  --------------  -------------------
/opt/airflow/dags/architecture.py                           1           0  0.95s           2026-02-06T13:24:41
================================================================================
[2026-02-06T13:25:12.382+0000] {manager.py:879} INFO - 
================================================================================
DAG File Processing Stats

File Path                          PID    Runtime      # DAGs    # Errors  Last Runtime    Last Run
---------------------------------  -----  ---------  --------  ----------  --------------  -------------------
/opt/airflow/dags/architecture.py                           1           0  0.72s           2026-02-06T13:25:12
================================================================================
[2026-02-06T13:25:43.683+0000] {manager.py:879} INFO - 
================================================================================
DAG File Processing Stats

File Path                          PID    Runtime      # DAGs    # Errors  Last Runtime    Last Run
---------------------------------  -----  ---------  --------  ----------  --------------  -------------------
/opt/airflow/dags/architecture.py                           1           0  1.17s           2026-02-06T13:25:43
================================================================================
[2026-02-06T13:26:14.460+0000] {manager.py:879} INFO - 
================================================================================
DAG File Processing Stats

File Path                          PID    Runtime      # DAGs    # Errors  Last Runtime    Last Run
---------------------------------  -----  ---------  --------  ----------  --------------  -------------------
/opt/airflow/dags/architecture.py                           1           0  0.62s           2026-02-06T13:26:14
================================================================================
[2026-02-06T13:26:45.209+0000] {manager.py:879} INFO - 
================================================================================
DAG File Processing Stats

File Path                          PID    Runtime      # DAGs    # Errors  Last Runtime    Last Run
---------------------------------  -----  ---------  --------  ----------  --------------  -------------------
/opt/airflow/dags/architecture.py                           1           0  0.61s           2026-02-06T13:26:45
================================================================================
[2026-02-06T13:27:16.143+0000] {manager.py:879} INFO - 
================================================================================
DAG File Processing Stats

File Path                          PID    Runtime      # DAGs    # Errors  Last Runtime    Last Run
---------------------------------  -----  ---------  --------  ----------  --------------  -------------------
/opt/airflow/dags/architecture.py                           1           0  0.82s           2026-02-06T13:27:16
================================================================================
[2026-02-06T13:27:46.853+0000] {manager.py:879} INFO - 
================================================================================
DAG File Processing Stats

File Path                          PID    Runtime      # DAGs    # Errors  Last Runtime    Last Run
---------------------------------  -----  ---------  --------  ----------  --------------  -------------------
/opt/airflow/dags/architecture.py                           1           0  0.61s           2026-02-06T13:27:46
================================================================================
[2026-02-06T13:28:17.552+0000] {manager.py:879} INFO - 
================================================================================
DAG File Processing Stats

File Path                          PID    Runtime      # DAGs    # Errors  Last Runtime    Last Run
---------------------------------  -----  ---------  --------  ----------  --------------  -------------------
/opt/airflow/dags/architecture.py                           1           0  0.62s           2026-02-06T13:28:17
================================================================================
[2026-02-06T13:28:48.457+0000] {manager.py:879} INFO - 
================================================================================
DAG File Processing Stats

File Path                          PID    Runtime      # DAGs    # Errors  Last Runtime    Last Run
---------------------------------  -----  ---------  --------  ----------  --------------  -------------------
/opt/airflow/dags/architecture.py                           1           0  0.82s           2026-02-06T13:28:48
================================================================================
[2026-02-06T13:29:19.274+0000] {manager.py:879} INFO - 
================================================================================
DAG File Processing Stats

File Path                          PID    Runtime      # DAGs    # Errors  Last Runtime    Last Run
---------------------------------  -----  ---------  --------  ----------  --------------  -------------------
/opt/airflow/dags/architecture.py                           1           0  0.72s           2026-02-06T13:29:19
================================================================================
[2026-02-06T13:29:29.775+0000] {manager.py:738} INFO - Searching for files in /opt/airflow/dags
[2026-02-06T13:29:29.779+0000] {manager.py:741} INFO - There are 1 files in /opt/airflow/dags
[2026-02-06T13:29:49.978+0000] {manager.py:879} INFO - 
================================================================================
DAG File Processing Stats

File Path                          PID    Runtime      # DAGs    # Errors  Last Runtime    Last Run
---------------------------------  -----  ---------  --------  ----------  --------------  -------------------
/opt/airflow/dags/architecture.py                           1           0  0.63s           2026-02-06T13:29:49
================================================================================
[2026-02-06T13:30:20.714+0000] {manager.py:879} INFO - 
================================================================================
DAG File Processing Stats

File Path                          PID    Runtime      # DAGs    # Errors  Last Runtime    Last Run
---------------------------------  -----  ---------  --------  ----------  --------------  -------------------
/opt/airflow/dags/architecture.py                           1           0  0.64s           2026-02-06T13:30:20
================================================================================
[2026-02-06T13:30:51.530+0000] {manager.py:879} INFO - 
================================================================================
DAG File Processing Stats

File Path                          PID    Runtime      # DAGs    # Errors  Last Runtime    Last Run
---------------------------------  -----  ---------  --------  ----------  --------------  -------------------
/opt/airflow/dags/architecture.py                           1           0  0.73s           2026-02-06T13:30:51
================================================================================
[2026-02-06T13:31:22.377+0000] {manager.py:879} INFO - 
================================================================================
DAG File Processing Stats

File Path                          PID    Runtime      # DAGs    # Errors  Last Runtime    Last Run
---------------------------------  -----  ---------  --------  ----------  --------------  -------------------
/opt/airflow/dags/architecture.py                           1           0  0.74s           2026-02-06T13:31:22
================================================================================
[2026-02-06T13:31:53.323+0000] {manager.py:879} INFO - 
================================================================================
DAG File Processing Stats

File Path                          PID    Runtime      # DAGs    # Errors  Last Runtime    Last Run
---------------------------------  -----  ---------  --------  ----------  --------------  -------------------
/opt/airflow/dags/architecture.py                           1           0  0.85s           2026-02-06T13:31:53
================================================================================
[2026-02-06T13:32:24.239+0000] {manager.py:879} INFO - 
================================================================================
DAG File Processing Stats

File Path                          PID    Runtime      # DAGs    # Errors  Last Runtime    Last Run
---------------------------------  -----  ---------  --------  ----------  --------------  -------------------
/opt/airflow/dags/architecture.py                           1           0  0.83s           2026-02-06T13:32:24
================================================================================
[2026-02-06T13:32:55.196+0000] {manager.py:879} INFO - 
================================================================================
DAG File Processing Stats

File Path                          PID    Runtime      # DAGs    # Errors  Last Runtime    Last Run
---------------------------------  -----  ---------  --------  ----------  --------------  -------------------
/opt/airflow/dags/architecture.py                           1           0  0.86s           2026-02-06T13:32:55
================================================================================
[2026-02-06T13:33:26.004+0000] {manager.py:879} INFO - 
================================================================================
DAG File Processing Stats

File Path                          PID    Runtime      # DAGs    # Errors  Last Runtime    Last Run
---------------------------------  -----  ---------  --------  ----------  --------------  -------------------
/opt/airflow/dags/architecture.py                           1           0  0.72s           2026-02-06T13:33:26
================================================================================
[2026-02-06T13:33:56.705+0000] {manager.py:879} INFO - 
================================================================================
DAG File Processing Stats

File Path                          PID    Runtime      # DAGs    # Errors  Last Runtime    Last Run
---------------------------------  -----  ---------  --------  ----------  --------------  -------------------
/opt/airflow/dags/architecture.py                           1           0  0.62s           2026-02-06T13:33:56
================================================================================
[2026-02-06T13:34:27.401+0000] {manager.py:879} INFO - 
================================================================================
DAG File Processing Stats

File Path                          PID    Runtime      # DAGs    # Errors  Last Runtime    Last Run
---------------------------------  -----  ---------  --------  ----------  --------------  -------------------
/opt/airflow/dags/architecture.py                           1           0  0.61s           2026-02-06T13:34:27
================================================================================
[2026-02-06T13:34:30.180+0000] {manager.py:738} INFO - Searching for files in /opt/airflow/dags
[2026-02-06T13:34:30.186+0000] {manager.py:741} INFO - There are 1 files in /opt/airflow/dags
[2026-02-06T13:34:58.111+0000] {manager.py:879} INFO - 
================================================================================
DAG File Processing Stats

File Path                          PID    Runtime      # DAGs    # Errors  Last Runtime    Last Run
---------------------------------  -----  ---------  --------  ----------  --------------  -------------------
/opt/airflow/dags/architecture.py                           1           0  0.62s           2026-02-06T13:34:58
================================================================================
[2026-02-06T13:35:28.819+0000] {manager.py:879} INFO - 
================================================================================
DAG File Processing Stats

File Path                          PID    Runtime      # DAGs    # Errors  Last Runtime    Last Run
---------------------------------  -----  ---------  --------  ----------  --------------  -------------------
/opt/airflow/dags/architecture.py                           1           0  0.62s           2026-02-06T13:35:28
================================================================================
[2026-02-06T13:35:59.429+0000] {manager.py:879} INFO - 
================================================================================
DAG File Processing Stats

File Path                          PID    Runtime      # DAGs    # Errors  Last Runtime    Last Run
---------------------------------  -----  ---------  --------  ----------  --------------  -------------------
/opt/airflow/dags/architecture.py                           1           0  0.52s           2026-02-06T13:35:59
================================================================================
[2026-02-06T13:36:30.118+0000] {manager.py:879} INFO - 
================================================================================
DAG File Processing Stats

File Path                          PID    Runtime      # DAGs    # Errors  Last Runtime    Last Run
---------------------------------  -----  ---------  --------  ----------  --------------  -------------------
/opt/airflow/dags/architecture.py                           1           0  0.62s           2026-02-06T13:36:30
================================================================================
[2026-02-06T13:37:01.053+0000] {manager.py:879} INFO - 
================================================================================
DAG File Processing Stats

File Path                          PID    Runtime      # DAGs    # Errors  Last Runtime    Last Run
---------------------------------  -----  ---------  --------  ----------  --------------  -------------------
/opt/airflow/dags/architecture.py                           1           0  0.86s           2026-02-06T13:37:01
================================================================================
[2026-02-06T13:37:31.805+0000] {manager.py:879} INFO - 
================================================================================
DAG File Processing Stats

File Path                          PID    Runtime      # DAGs    # Errors  Last Runtime    Last Run
---------------------------------  -----  ---------  --------  ----------  --------------  -------------------
/opt/airflow/dags/architecture.py                           1           0  0.62s           2026-02-06T13:37:31
================================================================================
[2026-02-06T13:38:02.628+0000] {manager.py:879} INFO - 
================================================================================
DAG File Processing Stats

File Path                          PID    Runtime      # DAGs    # Errors  Last Runtime    Last Run
---------------------------------  -----  ---------  --------  ----------  --------------  -------------------
/opt/airflow/dags/architecture.py                           1           0  0.74s           2026-02-06T13:38:02
================================================================================
[2026-02-06T13:38:33.335+0000] {manager.py:879} INFO - 
================================================================================
DAG File Processing Stats

File Path                          PID    Runtime      # DAGs    # Errors  Last Runtime    Last Run
---------------------------------  -----  ---------  --------  ----------  --------------  -------------------
/opt/airflow/dags/architecture.py                           1           0  0.62s           2026-02-06T13:38:33
================================================================================
[2026-02-06T13:39:04.036+0000] {manager.py:879} INFO - 
================================================================================
DAG File Processing Stats

File Path                          PID    Runtime      # DAGs    # Errors  Last Runtime    Last Run
---------------------------------  -----  ---------  --------  ----------  --------------  -------------------
/opt/airflow/dags/architecture.py                           1           0  0.62s           2026-02-06T13:39:04
================================================================================
[2026-02-06T13:39:30.377+0000] {manager.py:738} INFO - Searching for files in /opt/airflow/dags
[2026-02-06T13:39:30.383+0000] {manager.py:741} INFO - There are 1 files in /opt/airflow/dags
[2026-02-06T13:39:34.830+0000] {manager.py:879} INFO - 
================================================================================
DAG File Processing Stats

File Path                          PID    Runtime      # DAGs    # Errors  Last Runtime    Last Run
---------------------------------  -----  ---------  --------  ----------  --------------  -------------------
/opt/airflow/dags/architecture.py                           1           0  0.72s           2026-02-06T13:39:34
================================================================================
[2026-02-06T13:40:05.737+0000] {manager.py:879} INFO - 
================================================================================
DAG File Processing Stats

File Path                          PID    Runtime      # DAGs    # Errors  Last Runtime    Last Run
---------------------------------  -----  ---------  --------  ----------  --------------  -------------------
/opt/airflow/dags/architecture.py                           1           0  0.82s           2026-02-06T13:40:05
================================================================================
[2026-02-06T13:40:36.650+0000] {manager.py:879} INFO - 
================================================================================
DAG File Processing Stats

File Path                          PID    Runtime      # DAGs    # Errors  Last Runtime    Last Run
---------------------------------  -----  ---------  --------  ----------  --------------  -------------------
/opt/airflow/dags/architecture.py                           1           0  0.82s           2026-02-06T13:40:36
================================================================================
[2026-02-06T13:41:09.097+0000] {manager.py:879} INFO - 
================================================================================
DAG File Processing Stats

File Path                          PID    Runtime      # DAGs    # Errors  Last Runtime    Last Run
---------------------------------  -----  ---------  --------  ----------  --------------  -------------------
/opt/airflow/dags/architecture.py                           1           0  2.37s           2026-02-06T13:41:09
================================================================================
[2026-02-06T13:41:40.007+0000] {manager.py:879} INFO - 
================================================================================
DAG File Processing Stats

File Path                          PID    Runtime      # DAGs    # Errors  Last Runtime    Last Run
---------------------------------  -----  ---------  --------  ----------  --------------  -------------------
/opt/airflow/dags/architecture.py                           1           0  0.75s           2026-02-06T13:41:40
================================================================================
[2026-02-06T13:42:10.838+0000] {manager.py:879} INFO - 
================================================================================
DAG File Processing Stats

File Path                          PID    Runtime      # DAGs    # Errors  Last Runtime    Last Run
---------------------------------  -----  ---------  --------  ----------  --------------  -------------------
/opt/airflow/dags/architecture.py                           1           0  0.73s           2026-02-06T13:42:10
================================================================================
[2026-02-06T13:42:41.554+0000] {manager.py:879} INFO - 
================================================================================
DAG File Processing Stats

File Path                          PID    Runtime      # DAGs    # Errors  Last Runtime    Last Run
---------------------------------  -----  ---------  --------  ----------  --------------  -------------------
/opt/airflow/dags/architecture.py                           1           0  0.62s           2026-02-06T13:42:41
================================================================================
[2026-02-06T13:43:12.378+0000] {manager.py:879} INFO - 
================================================================================
DAG File Processing Stats

File Path                          PID    Runtime      # DAGs    # Errors  Last Runtime    Last Run
---------------------------------  -----  ---------  --------  ----------  --------------  -------------------
/opt/airflow/dags/architecture.py                           1           0  0.73s           2026-02-06T13:43:12
================================================================================
[2026-02-06T13:43:43.335+0000] {manager.py:879} INFO - 
================================================================================
DAG File Processing Stats

File Path                          PID    Runtime      # DAGs    # Errors  Last Runtime    Last Run
---------------------------------  -----  ---------  --------  ----------  --------------  -------------------
/opt/airflow/dags/architecture.py                           1           0  0.85s           2026-02-06T13:43:43
================================================================================
[2026-02-06T13:44:14.210+0000] {manager.py:879} INFO - 
================================================================================
DAG File Processing Stats

File Path                          PID    Runtime      # DAGs    # Errors  Last Runtime    Last Run
---------------------------------  -----  ---------  --------  ----------  --------------  -------------------
/opt/airflow/dags/architecture.py                           1           0  0.74s           2026-02-06T13:44:14
================================================================================
[2026-02-06T13:44:30.617+0000] {manager.py:738} INFO - Searching for files in /opt/airflow/dags
[2026-02-06T13:44:30.630+0000] {manager.py:741} INFO - There are 1 files in /opt/airflow/dags
[2026-02-06T13:44:45.024+0000] {manager.py:879} INFO - 
================================================================================
DAG File Processing Stats

File Path                          PID    Runtime      # DAGs    # Errors  Last Runtime    Last Run
---------------------------------  -----  ---------  --------  ----------  --------------  -------------------
/opt/airflow/dags/architecture.py                           1           0  0.74s           2026-02-06T13:44:45
================================================================================
[2026-02-06T13:45:15.869+0000] {manager.py:879} INFO - 
================================================================================
DAG File Processing Stats

File Path                          PID    Runtime      # DAGs    # Errors  Last Runtime    Last Run
---------------------------------  -----  ---------  --------  ----------  --------------  -------------------
/opt/airflow/dags/architecture.py                           1           0  0.72s           2026-02-06T13:45:15
================================================================================
[2026-02-06T13:45:46.559+0000] {manager.py:879} INFO - 
================================================================================
DAG File Processing Stats

File Path                          PID    Runtime      # DAGs    # Errors  Last Runtime    Last Run
---------------------------------  -----  ---------  --------  ----------  --------------  -------------------
/opt/airflow/dags/architecture.py                           1           0  0.61s           2026-02-06T13:45:46
================================================================================
[2026-02-06T13:46:17.353+0000] {manager.py:879} INFO - 
================================================================================
DAG File Processing Stats

File Path                          PID    Runtime      # DAGs    # Errors  Last Runtime    Last Run
---------------------------------  -----  ---------  --------  ----------  --------------  -------------------
/opt/airflow/dags/architecture.py                           1           0  0.71s           2026-02-06T13:46:17
================================================================================
[2026-02-06T13:46:48.734+0000] {manager.py:879} INFO - 
================================================================================
DAG File Processing Stats

File Path                          PID    Runtime      # DAGs    # Errors  Last Runtime    Last Run
---------------------------------  -----  ---------  --------  ----------  --------------  -------------------
/opt/airflow/dags/architecture.py                           1           0  1.29s           2026-02-06T13:46:48
================================================================================
[2026-02-06T13:47:19.597+0000] {manager.py:879} INFO - 
================================================================================
DAG File Processing Stats

File Path                          PID    Runtime      # DAGs    # Errors  Last Runtime    Last Run
---------------------------------  -----  ---------  --------  ----------  --------------  -------------------
/opt/airflow/dags/architecture.py                           1           0  0.72s           2026-02-06T13:47:19
================================================================================
[2026-02-06T13:47:49.675+0000] {manager.py:879} INFO - 
================================================================================
DAG File Processing Stats

File Path                          PID    Runtime      # DAGs    # Errors  Last Runtime    Last Run
---------------------------------  -----  ---------  --------  ----------  --------------  -------------------
/opt/airflow/dags/architecture.py                           1           0  0.42s           2026-02-06T13:47:21
================================================================================
